build/app/outputs/mapping/release/seeds.txt
com.vams.medicineinventory.MainActivity
com.vams.medicineinventory.MainActivity: MainActivity()
...
com.google.android.gms.internal.measurement.zzej
com.google.protobuf.Timestamp
com.google.firestore.v1.DocumentTransform$FieldTransform$ServerValue: com.google.firestore.v1.DocumentTransform$FieldTransform$ServerValue valueOf(java.lang.String)
io.flutter.plugins.firebase.firestore.FlutterFirebaseFirestoreRegistrar: java.util.List getComponents()
io.flutter.embedding.engine.mutatorsstack.FlutterMutatorView: android.graphics.Matrix getPlatformViewMatrix()
io.flutter.embedding.engine.FlutterJNI: void nativePrefetchDefaultFontManager()
androidx.window.layout.SidecarCompat: androidx.window.layout.SidecarCompat$Companion Companion
kotlin.jvm.internal.FunctionReference: int getArity()
com.google.firestore.v1.StructuredQuery: int WHERE_FIELD_NUMBER
io.flutter.embedding.engine.systemchannels.SettingsChannel$PlatformBrightness: io.flutter.embedding.engine.systemchannels.SettingsChannel$PlatformBrightness valueOf(java.lang.String)
com.google.firestore.v1.ListenRequest: com.google.protobuf.Parser PARSER
io.flutter.embedding.engine.FlutterJNI: void updateJavaAssetManager(android.content.res.AssetManager,java.lang.String)
io.flutter.embedding.engine.systemchannels.PlatformChannel$SystemUiOverlay: io.flutter.embedding.engine.systemchannels.PlatformChannel$SystemUiOverlay[] values()
com.google.firestore.v1.StructuredQuery$CollectionSelector: java.lang.String collectionId_
io.flutter.embedding.engine.mutatorsstack.FlutterMutatorView: void setOnDescendantFocusChangeListener(android.view.View$OnFocusChangeListener)
io.flutter.embedding.engine.renderer.SurfaceTextureWrapper: java.lang.Runnable onFrameConsumed
androidx.window.layout.SidecarCompat: androidx.window.layout.ExtensionInterfaceCompat$ExtensionCallbackInterface access$getExtensionCallback$p(androidx.window.layout.SidecarCompat)
com.google.firestore.v1.Value: int INTEGER_VALUE_FIELD_NUMBER
androidx.window.layout.SidecarCompat$FirstAttachAdapter: SidecarCompat$FirstAttachAdapter(androidx.window.layout.SidecarCompat,android.app.Activity)
kotlinx.coroutines.internal.LockFreeTaskQueue
androidx.window.layout.WindowInfoTracker$Companion: WindowInfoTracker$Companion()
io.flutter.view.AccessibilityViewEmbedder: void setFlutterNodesTranslateBounds(android.view.accessibility.AccessibilityNodeInfo,android.graphics.Rect,android.view.accessibility.AccessibilityNodeInfo)
io.flutter.embedding.engine.FlutterJNI: void removeEngineLifecycleListener(io.flutter.embedding.engine.FlutterEngine$EngineLifecycleListener)
io.flutter.embedding.engine.FlutterJNI: void setPlatformMessageHandler(io.flutter.embedding.engine.dart.PlatformMessageHandler)
kotlinx.coroutines.internal.LockFreeLinkedListNode: java.lang.Object _next
io.flutter.embedding.android.FlutterSurfaceView
io.flutter.embedding.engine.FlutterJNI: void invokePlatformMessageResponseCallback(int,java.nio.ByteBuffer,int)
androidx.window.R$styleable: int SplitPairRule_finishPrimaryWithSecondary
androidx.window.embedding.EmbeddingAdapter: java.util.function.Predicate translateParentMetricsPredicate(androidx.window.embedding.SplitRule)
androidx.window.R$attr: int placeholderActivityName
androidx.window.embedding.EmbeddingCompat$Companion: EmbeddingCompat$Companion(kotlin.jvm.internal.DefaultConstructorMarker)
com.google.firebase.firestore.proto.WriteBatch
androidx.window.embedding.EmbeddingCompat
androidx.window.layout.SidecarCompat$DistinctSidecarElementCallback: androidx.window.layout.SidecarAdapter sidecarAdapter
com.google.firestore.v1.StructuredQuery$UnaryFilter$Operator: com.google.firestore.v1.StructuredQuery$UnaryFilter$Operator valueOf(java.lang.String)
com.google.firebase.firestore.proto.Target: int QUERY_FIELD_NUMBER
com.google.firestore.bundle.BundledQuery: java.lang.String parent_
io.flutter.view.AccessibilityViewEmbedder: java.lang.String TAG
kotlin.jvm.internal.CallableReference: CallableReference(java.lang.Object,java.lang.Class,java.lang.String,java.lang.String,boolean)