build/app/outputs/mapping/release/mapping.txt
# compiler: R8
# compiler_version: 2.1.62
# min_api: 19
# pg_map_id: e93d42d
# common_typos_disable
...
com.google.android.gms.measurement.internal.zzdf -> com.google.android.gms.measurement.internal.j2:
    com.google.android.gms.measurement.internal.zzdf zza -> a
    java.lang.Object zza() -> a
com.google.android.gms.measurement.internal.zzdg -> com.google.android.gms.measurement.internal.k2:
    com.google.android.gms.measurement.internal.zzdg zza -> a
    java.lang.Object zza() -> a
com.google.android.gms.measurement.internal.zzdh -> com.google.android.gms.measurement.internal.l2:
    com.google.android.gms.measurement.internal.zzdh zza -> a
    java.lang.Object zza() -> a
com.google.android.gms.measurement.internal.zzdi -> com.google.android.gms.measurement.internal.m2:
    com.google.android.gms.measurement.internal.zzdi zza -> a
    java.lang.Object zza() -> a
com.google.android.gms.measurement.internal.zzdj -> com.google.android.gms.measurement.internal.n2:
    com.google.android.gms.measurement.internal.zzdj zza -> a
    java.lang.Object zza() -> a
com.google.android.gms.measurement.internal.zzdk -> com.google.android.gms.measurement.internal.o2:
    com.google.android.gms.measurement.internal.zzdk zza -> a
    java.lang.Object zza() -> a
com.google.android.gms.measurement.internal.zzdl -> com.google.android.gms.measurement.internal.p2:
    com.google.android.gms.measurement.internal.zzdl zza -> a
    java.lang.Object zza() -> a
com.google.android.gms.measurement.internal.zzdm -> com.google.android.gms.measurement.internal.q2:
    com.google.android.gms.measurement.internal.zzdm zza -> a
    java.lang.Object zza() -> a
com.google.android.gms.measurement.internal.zzdn -> com.google.android.gms.measurement.internal.r2:
    com.google.android.gms.measurement.internal.zzdn zza -> a
    java.lang.Object zza() -> a
com.google.android.gms.measurement.internal.zzdo -> com.google.android.gms.measurement.internal.s2:
    com.google.android.gms.measurement.internal.zzdo zza -> a
    java.lang.Object zza() -> a
com.google.android.gms.measurement.internal.zzdp -> com.google.android.gms.measurement.internal.t2:
    com.google.android.gms.measurement.internal.zzdp zza -> a
    java.lang.Object zza() -> a
com.google.android.gms.measurement.internal.zzdq -> com.google.android.gms.measurement.internal.u2:
    com.google.android.gms.measurement.internal.zzdq zza -> a
    java.lang.Object zza() -> a
com.google.android.gms.measurement.internal.zzdr -> com.google.android.gms.measurement.internal.v2:
    com.google.android.gms.measurement.internal.zzdr zza -> a
    java.lang.Object zza() -> a
com.google.android.gms.measurement.internal.zzds -> com.google.android.gms.measurement.internal.w2:
    com.google.android.gms.measurement.internal.zzds zza -> a
    java.lang.Object zza() -> a
com.google.android.gms.measurement.internal.zzdt -> com.google.android.gms.measurement.internal.x2:
    com.google.android.gms.measurement.internal.zzdt zza -> a
    java.lang.Object zza() -> a
com.google.android.gms.measurement.internal.zzdu -> com.google.android.gms.measurement.internal.y2:
    java.lang.Object zza() -> a
com.google.android.gms.measurement.internal.zzdv -> com.google.android.gms.measurement.internal.z2:
    com.google.android.gms.measurement.internal.zzaa zza -> a
com.google.android.gms.measurement.internal.zzdw -> com.google.android.gms.measurement.internal.a3:
com.google.android.gms.measurement.internal.zzdx -> com.google.android.gms.measurement.internal.b3:
    com.google.android.gms.measurement.internal.zzdu zzc -> b
    java.lang.Object zza -> h
    java.lang.Object zzg -> f
    java.lang.Object zzh -> g
    java.lang.Object zze -> d
    java.lang.Object zzf -> e
    java.lang.Object zzd -> c
    java.lang.String zzb -> a
    java.lang.Object zza(java.lang.Object) -> a
    java.lang.String zzb() -> b