build/app/outputs/mapping/release/usage.txt
com.vams.medicineinventory.R
com.vams.medicineinventory.R$layout
com.vams.medicineinventory.R$style
com.vams.medicineinventory.R$styleable
com.vams.medicineinventory.R$integer
com.vams.medicineinventory.R$color
com.vams.medicineinventory.R$attr
com.vams.medicineinventory.R$string
com.vams.medicineinventory.R$dimen
com.vams.medicineinventory.R$id
com.vams.medicineinventory.R$mipmap
com.vams.medicineinventory.R$drawable
com.vams.medicineinventory.BuildConfig
...
com.google.common.util.concurrent.ExecutionSequencer$2
kotlin.jvm.internal.MagicApiIntrinsics
com.google.common.collect.RegularImmutableMultiset
com.google.apphosting.datastore.testing.DatastoreTestTrace$FirestoreV1Action$CreateDocument$Builder
com.google.gson.internal.bind.JsonTreeReader$1
com.google.gson.internal.bind.TypeAdapters$16
kotlin.collections.AbstractList$SubList
com.google.protobuf.GeneratedMessageLite$1
kotlinx.coroutines.BuildersKt:
    public static final java.lang.Object runBlocking(kotlin.coroutines.CoroutineContext,kotlin.jvm.functions.Function2)
    public static synthetic java.lang.Object runBlocking$default(kotlin.coroutines.CoroutineContext,kotlin.jvm.functions.Function2,int,java.lang.Object)
    public static final kotlinx.coroutines.Deferred async(kotlinx.coroutines.CoroutineScope,kotlin.coroutines.CoroutineContext,kotlinx.coroutines.CoroutineStart,kotlin.jvm.functions.Function2)
    public static synthetic kotlinx.coroutines.Deferred async$default(kotlinx.coroutines.CoroutineScope,kotlin.coroutines.CoroutineContext,kotlinx.coroutines.CoroutineStart,kotlin.jvm.functions.Function2,int,java.lang.Object)
    public static final java.lang.Object withContext(kotlin.coroutines.CoroutineContext,kotlin.jvm.functions.Function2,kotlin.coroutines.Continuation)
    public static final java.lang.Object invoke(kotlinx.coroutines.CoroutineDispatcher,kotlin.jvm.functions.Function2,kotlin.coroutines.Continuation)
io.flutter.embedding.engine.systemchannels.SettingsChannel:
    private static final java.lang.String TAG
    public static final java.lang.String CHANNEL_NAME
    private static final java.lang.String TEXT_SCALE_FACTOR
    private static final java.lang.String BRIEFLY_SHOW_PASSWORD
    private static final java.lang.String ALWAYS_USE_24_HOUR_FORMAT
    private static final java.lang.String PLATFORM_BRIGHTNESS
io.grpc.okhttp.internal.framed.HeadersMode:
    public boolean failIfStreamAbsent()
    public boolean failIfStreamPresent()
    public boolean failIfHeadersAbsent()
    public boolean failIfHeadersPresent()
kotlin.coroutines.intrinsics.IntrinsicsKt__IntrinsicsJvmKt$createCoroutineUnintercepted$$inlined$createCoroutineFromSuspendFunction$IntrinsicsKt__IntrinsicsJvmKt$1
com.google.api.Http
kotlin.collections.unsigned.UArraysKt___UArraysJvmKt$asList$3
com.google.api.Advice$Builder
com.google.common.io.Resources
com.google.protobuf.AnyProto
com.google.common.collect.AbstractMultiset
com.google.api.DistributionOrBuilder
kotlin.jvm.PurelyImplements
com.google.common.graph.SuccessorsFunction
com.google.common.reflect.ClassPath$ResourceInfo
com.google.gson.internal.bind.TypeAdapters$29
kotlinx.coroutines.flow.FlowKt__EmittersKt$unsafeTransform$$inlined$unsafeFlow$1
kotlin.ranges.CharRange
com.google.common.collect.ImmutableRangeMap$Builder
kotlin.collections.ArraysUtilJVM:
    void <init>()
com.google.common.collect.ImmutableSortedMap$1EntrySet$1
com.google.common.cache.LocalCache$AccessQueue$1
com.google.gson.JsonStreamParser
io.grpc.stub.ClientCalls$StartableListener
io.grpc.ClientInterceptors$1:
    void <init>(io.grpc.MethodDescriptor$Marshaller,io.grpc.MethodDescriptor$Marshaller,io.grpc.ClientInterceptor)
    public io.grpc.ClientCall interceptCall(io.grpc.MethodDescriptor,io.grpc.CallOptions,io.grpc.Channel)
    final synthetic io.grpc.MethodDescriptor$Marshaller val$reqMarshaller
    final synthetic io.grpc.MethodDescriptor$Marshaller val$respMarshaller
    final synthetic io.grpc.ClientInterceptor val$interceptor
kotlinx.coroutines.EventLoopImplBase$DelayedResumeTask
kotlinx.coroutines.internal.LockFreeTaskQueueCore$Companion:
    public final java.lang.Object withState(long,kotlin.jvm.functions.Function2)
androidx.lifecycle.GenericLifecycleObserver
kotlin.text.MatchGroup
com.google.protobuf.TimestampOrBuilder
kotlin.text.Regex$Serialized
com.google.firebase.platforminfo.GlobalLibraryVersionRegistrar:
    public void registerVersion(java.lang.String,java.lang.String)